<?xml version="1.0" encoding="UTF-8"?>
<!-- Generated by org.testng.reporters.JUnitReportReporter -->
<testsuite hostname="DESKTOP-04C0UM4" failures="0" tests="2" name="mainproject.testthree" time="60.960" errors="0" timestamp="2022-09-03T22:39:21 AST" skipped="0">
  <testcase classname="mainproject.testthree" name="BrowseMagazine_TC6" time="50.747"/>
  <system-out/>
  <testcase classname="mainproject.testthree" name="BrowseMagazine_TC5" time="10.213"/>
  <system-out/>
</testsuite> <!-- mainproject.testthree -->
