<?xml version="1.0" encoding="UTF-8"?>
<!-- Generated by org.testng.reporters.JUnitReportReporter -->
<testsuite hostname="DESKTOP-04C0UM4" failures="0" tests="3" name="mainproject.testone" time="131.969" errors="0" timestamp="2022-09-03T22:39:21 AST" skipped="0">
  <testcase classname="mainproject.testone" name="search_TC1" time="39.149"/>
  <system-out/>
  <testcase classname="mainproject.testone" name="search_TC2" time="49.235"/>
  <system-out/>
  <testcase classname="mainproject.testone" name="search_TC3" time="43.585"/>
  <system-out/>
</testsuite> <!-- mainproject.testone -->
